<?xml version="1.0" encoding="UTF-8"?>
<coverage generated="1542645213709" clover="3.2.0">
  <project timestamp="1542645213709" name="All files">
    <metrics statements="53" coveredstatements="45" conditionals="16" coveredconditionals="9" methods="20" coveredmethods="14" elements="89" coveredelements="68" complexity="0" loc="53" ncloc="53" packages="1" files="5" classes="5">
      <file name="Button.js" path="/Users/Josh/projects/react_projects/technical_interviews/DevelopmentInterviewStarterKit/client/src/components/Button.js">
        <metrics statements="3" coveredstatements="3" conditionals="0" coveredconditionals="0" methods="1" coveredmethods="1"/>
        <line num="4" count="2" type="stmt"/>
        <line num="22" count="2" type="stmt"/>
        <line num="23" count="3" type="stmt"/>
      </file>
      <file name="CharacterFrequencyTable.js" path="/Users/Josh/projects/react_projects/technical_interviews/DevelopmentInterviewStarterKit/client/src/components/CharacterFrequencyTable.js">
        <metrics statements="15" coveredstatements="10" conditionals="6" coveredconditionals="2" methods="6" coveredmethods="2"/>
        <line num="6" count="1" type="stmt"/>
        <line num="19" count="1" type="stmt"/>
        <line num="21" count="1" type="stmt"/>
        <line num="25" count="1" type="stmt"/>
        <line num="29" count="0" type="stmt"/>
        <line num="35" count="1" type="stmt"/>
        <line num="36" count="1" type="stmt"/>
        <line num="38" count="1" type="stmt"/>
        <line num="39" count="0" type="stmt"/>
        <line num="43" count="0" type="cond" truecount="0" falsecount="2"/>
        <line num="44" count="0" type="stmt"/>
        <line num="47" count="1" type="stmt"/>
        <line num="48" count="0" type="stmt"/>
        <line num="54" count="1" type="stmt"/>
        <line num="56" count="1" type="stmt"/>
      </file>
      <file name="DuplicateTable.js" path="/Users/Josh/projects/react_projects/technical_interviews/DevelopmentInterviewStarterKit/client/src/components/DuplicateTable.js">
        <metrics statements="26" coveredstatements="25" conditionals="10" coveredconditionals="7" methods="8" coveredmethods="7"/>
        <line num="5" count="2" type="stmt"/>
        <line num="21" count="2" type="stmt"/>
        <line num="23" count="2" type="stmt"/>
        <line num="24" count="20" type="cond" truecount="2" falsecount="0"/>
        <line num="25" count="18" type="stmt"/>
        <line num="29" count="2" type="stmt"/>
        <line num="34" count="3" type="stmt"/>
        <line num="36" count="3" type="stmt"/>
        <line num="40" count="3" type="stmt"/>
        <line num="44" count="0" type="stmt"/>
        <line num="50" count="3" type="stmt"/>
        <line num="52" count="3" type="stmt"/>
        <line num="53" count="4" type="stmt"/>
        <line num="54" count="4" type="stmt"/>
        <line num="56" count="3" type="stmt"/>
        <line num="58" count="3" type="stmt"/>
        <line num="59" count="4" type="stmt"/>
        <line num="60" count="4" type="stmt"/>
        <line num="62" count="4" type="stmt"/>
        <line num="63" count="8" type="cond" truecount="2" falsecount="0"/>
        <line num="64" count="2" type="cond" truecount="1" falsecount="1"/>
        <line num="65" count="2" type="stmt"/>
        <line num="66" count="2" type="stmt"/>
        <line num="67" count="2" type="stmt"/>
        <line num="73" count="3" type="stmt"/>
        <line num="75" count="3" type="stmt"/>
      </file>
      <file name="Logo.js" path="/Users/Josh/projects/react_projects/technical_interviews/DevelopmentInterviewStarterKit/client/src/components/Logo.js">
        <metrics statements="2" coveredstatements="2" conditionals="0" coveredconditionals="0" methods="1" coveredmethods="1"/>
        <line num="3" count="1" type="stmt"/>
        <line num="4" count="1" type="stmt"/>
      </file>
      <file name="People.js" path="/Users/Josh/projects/react_projects/technical_interviews/DevelopmentInterviewStarterKit/client/src/components/People.js">
        <metrics statements="7" coveredstatements="5" conditionals="0" coveredconditionals="0" methods="4" coveredmethods="3"/>
        <line num="10" count="1" type="stmt"/>
        <line num="27" count="1" type="stmt"/>
        <line num="29" count="1" type="stmt"/>
        <line num="35" count="1" type="stmt"/>
        <line num="36" count="0" type="stmt"/>
        <line num="38" count="0" type="stmt"/>
        <line num="45" count="1" type="stmt"/>
      </file>
    </metrics>
  </project>
</coverage>
