{"/Users/Josh/projects/react_projects/technical_interviews/DevelopmentInterviewStarterKit/client/src/components/Button.js": {"path":"/Users/Josh/projects/react_projects/technical_interviews/DevelopmentInterviewStarterKit/client/src/components/Button.js","statementMap":{"0":{"start":{"line":4,"column":22},"end":{"line":20,"column":1}},"1":{"start":{"line":22,"column":15},"end":{"line":26,"column":1}},"2":{"start":{"line":23,"column":2},"end":{"line":25,"column":18}}},"fnMap":{"0":{"name":"(anonymous_0)","decl":{"start":{"line":22,"column":15},"end":{"line":22,"column":16}},"loc":{"start":{"line":23,"column":2},"end":{"line":25,"column":18}},"line":23}},"branchMap":{},"s":{"0":2,"1":2,"2":3},"f":{"0":3},"b":{},"_coverageSchema":"332fd63041d2c1bcb487cc26dd0d5f7d97098a6c","hash":"d829df383870dcdf27c30bf158a395c7b41fad35"}
,"/Users/Josh/projects/react_projects/technical_interviews/DevelopmentInterviewStarterKit/client/src/components/CharacterFrequencyTable.js": {"path":"/Users/Josh/projects/react_projects/technical_interviews/DevelopmentInterviewStarterKit/client/src/components/CharacterFrequencyTable.js","statementMap":{"0":{"start":{"line":6,"column":16},"end":{"line":15,"column":1}},"1":{"start":{"line":19,"column":4},"end":{"line":19,"column":17}},"2":{"start":{"line":21,"column":4},"end":{"line":23,"column":6}},"3":{"start":{"line":25,"column":4},"end":{"line":25,"column":61}},"4":{"start":{"line":29,"column":4},"end":{"line":31,"column":7}},"5":{"start":{"line":35,"column":23},"end":{"line":35,"column":33}},"6":{"start":{"line":36,"column":20},"end":{"line":36,"column":22}},"7":{"start":{"line":38,"column":4},"end":{"line":45,"column":9}},"8":{"start":{"line":39,"column":21},"end":{"line":39,"column":41}},"9":{"start":{"line":43,"column":8},"end":{"line":43,"column":53}},"10":{"start":{"line":44,"column":8},"end":{"line":44,"column":29}},"11":{"start":{"line":47,"column":15},"end":{"line":52,"column":6}},"12":{"start":{"line":48,"column":6},"end":{"line":51,"column":8}},"13":{"start":{"line":54,"column":4},"end":{"line":54,"column":49}},"14":{"start":{"line":56,"column":4},"end":{"line":69,"column":6}}},"fnMap":{"0":{"name":"(anonymous_0)","decl":{"start":{"line":18,"column":2},"end":{"line":18,"column":3}},"loc":{"start":{"line":18,"column":21},"end":{"line":26,"column":3}},"line":18},"1":{"name":"(anonymous_1)","decl":{"start":{"line":28,"column":2},"end":{"line":28,"column":3}},"loc":{"start":{"line":28,"column":21},"end":{"line":32,"column":3}},"line":28},"2":{"name":"(anonymous_2)","decl":{"start":{"line":34,"column":2},"end":{"line":34,"column":3}},"loc":{"start":{"line":34,"column":11},"end":{"line":70,"column":3}},"line":34},"3":{"name":"(anonymous_3)","decl":{"start":{"line":39,"column":11},"end":{"line":39,"column":12}},"loc":{"start":{"line":39,"column":21},"end":{"line":39,"column":41}},"line":39},"4":{"name":"(anonymous_4)","decl":{"start":{"line":42,"column":15},"end":{"line":42,"column":16}},"loc":{"start":{"line":42,"column":35},"end":{"line":45,"column":7}},"line":42},"5":{"name":"(anonymous_5)","decl":{"start":{"line":47,"column":40},"end":{"line":47,"column":41}},"loc":{"start":{"line":47,"column":54},"end":{"line":52,"column":5}},"line":47}},"branchMap":{"0":{"loc":{"start":{"line":43,"column":29},"end":{"line":43,"column":52}},"type":"binary-expr","locations":[{"start":{"line":43,"column":29},"end":{"line":43,"column":47}},{"start":{"line":43,"column":51},"end":{"line":43,"column":52}}],"line":43},"1":{"loc":{"start":{"line":60,"column":21},"end":{"line":60,"column":66}},"type":"cond-expr","locations":[{"start":{"line":60,"column":53},"end":{"line":60,"column":61}},{"start":{"line":60,"column":64},"end":{"line":60,"column":66}}],"line":60},"2":{"loc":{"start":{"line":64,"column":21},"end":{"line":64,"column":66}},"type":"cond-expr","locations":[{"start":{"line":64,"column":53},"end":{"line":64,"column":55}},{"start":{"line":64,"column":58},"end":{"line":64,"column":66}}],"line":64}},"s":{"0":1,"1":1,"2":1,"3":1,"4":0,"5":1,"6":1,"7":1,"8":0,"9":0,"10":0,"11":1,"12":0,"13":1,"14":1},"f":{"0":1,"1":0,"2":1,"3":0,"4":0,"5":0},"b":{"0":[0,0],"1":[0,1],"2":[0,1]},"_coverageSchema":"332fd63041d2c1bcb487cc26dd0d5f7d97098a6c","hash":"4459b329e13f964e3ce8443ba07693ad7f5eb563"}
,"/Users/Josh/projects/react_projects/technical_interviews/DevelopmentInterviewStarterKit/client/src/components/DuplicateTable.js": {"path":"/Users/Josh/projects/react_projects/technical_interviews/DevelopmentInterviewStarterKit/client/src/components/DuplicateTable.js","statementMap":{"0":{"start":{"line":5,"column":16},"end":{"line":18,"column":1}},"1":{"start":{"line":21,"column":30},"end":{"line":21,"column":31}},"2":{"start":{"line":23,"column":2},"end":{"line":27,"column":3}},"3":{"start":{"line":24,"column":4},"end":{"line":26,"column":5}},"4":{"start":{"line":25,"column":6},"end":{"line":25,"column":30}},"5":{"start":{"line":29,"column":2},"end":{"line":29,"column":51}},"6":{"start":{"line":34,"column":4},"end":{"line":34,"column":17}},"7":{"start":{"line":36,"column":4},"end":{"line":38,"column":6}},"8":{"start":{"line":40,"column":4},"end":{"line":40,"column":61}},"9":{"start":{"line":44,"column":4},"end":{"line":46,"column":7}},"10":{"start":{"line":50,"column":23},"end":{"line":50,"column":33}},"11":{"start":{"line":52,"column":26},"end":{"line":54,"column":57}},"12":{"start":{"line":53,"column":21},"end":{"line":53,"column":33}},"13":{"start":{"line":54,"column":26},"end":{"line":54,"column":56}},"14":{"start":{"line":56,"column":23},"end":{"line":56,"column":25}},"15":{"start":{"line":58,"column":4},"end":{"line":71,"column":7}},"16":{"start":{"line":59,"column":19},"end":{"line":59,"column":28}},"17":{"start":{"line":60,"column":18},"end":{"line":60,"column":49}},"18":{"start":{"line":62,"column":6},"end":{"line":70,"column":9}},"19":{"start":{"line":63,"column":8},"end":{"line":69,"column":9}},"20":{"start":{"line":64,"column":10},"end":{"line":68,"column":11}},"21":{"start":{"line":65,"column":12},"end":{"line":65,"column":39}},"22":{"start":{"line":66,"column":12},"end":{"line":66,"column":37}},"23":{"start":{"line":67,"column":12},"end":{"line":67,"column":58}},"24":{"start":{"line":73,"column":15},"end":{"line":73,"column":27}},"25":{"start":{"line":75,"column":4},"end":{"line":88,"column":6}}},"fnMap":{"0":{"name":"isPotentialDuplicate","decl":{"start":{"line":20,"column":9},"end":{"line":20,"column":29}},"loc":{"start":{"line":20,"column":55},"end":{"line":30,"column":1}},"line":20},"1":{"name":"(anonymous_1)","decl":{"start":{"line":33,"column":2},"end":{"line":33,"column":3}},"loc":{"start":{"line":33,"column":21},"end":{"line":41,"column":3}},"line":33},"2":{"name":"(anonymous_2)","decl":{"start":{"line":43,"column":2},"end":{"line":43,"column":3}},"loc":{"start":{"line":43,"column":21},"end":{"line":47,"column":3}},"line":43},"3":{"name":"(anonymous_3)","decl":{"start":{"line":49,"column":2},"end":{"line":49,"column":3}},"loc":{"start":{"line":49,"column":11},"end":{"line":89,"column":3}},"line":49},"4":{"name":"(anonymous_4)","decl":{"start":{"line":53,"column":11},"end":{"line":53,"column":12}},"loc":{"start":{"line":53,"column":21},"end":{"line":53,"column":33}},"line":53},"5":{"name":"(anonymous_5)","decl":{"start":{"line":54,"column":11},"end":{"line":54,"column":12}},"loc":{"start":{"line":54,"column":26},"end":{"line":54,"column":56}},"line":54},"6":{"name":"(anonymous_6)","decl":{"start":{"line":58,"column":19},"end":{"line":58,"column":20}},"loc":{"start":{"line":58,"column":36},"end":{"line":71,"column":5}},"line":58},"7":{"name":"(anonymous_7)","decl":{"start":{"line":62,"column":30},"end":{"line":62,"column":31}},"loc":{"start":{"line":62,"column":57},"end":{"line":70,"column":7}},"line":62}},"branchMap":{"0":{"loc":{"start":{"line":24,"column":4},"end":{"line":26,"column":5}},"type":"if","locations":[{"start":{"line":24,"column":4},"end":{"line":26,"column":5}},{"start":{"line":24,"column":4},"end":{"line":26,"column":5}}],"line":24},"1":{"loc":{"start":{"line":63,"column":8},"end":{"line":69,"column":9}},"type":"if","locations":[{"start":{"line":63,"column":8},"end":{"line":69,"column":9}},{"start":{"line":63,"column":8},"end":{"line":69,"column":9}}],"line":63},"2":{"loc":{"start":{"line":64,"column":10},"end":{"line":68,"column":11}},"type":"if","locations":[{"start":{"line":64,"column":10},"end":{"line":68,"column":11}},{"start":{"line":64,"column":10},"end":{"line":68,"column":11}}],"line":64},"3":{"loc":{"start":{"line":79,"column":21},"end":{"line":79,"column":66}},"type":"cond-expr","locations":[{"start":{"line":79,"column":53},"end":{"line":79,"column":61}},{"start":{"line":79,"column":64},"end":{"line":79,"column":66}}],"line":79},"4":{"loc":{"start":{"line":83,"column":21},"end":{"line":83,"column":66}},"type":"cond-expr","locations":[{"start":{"line":83,"column":53},"end":{"line":83,"column":55}},{"start":{"line":83,"column":58},"end":{"line":83,"column":66}}],"line":83}},"s":{"0":2,"1":2,"2":2,"3":20,"4":18,"5":2,"6":3,"7":3,"8":3,"9":0,"10":3,"11":3,"12":4,"13":4,"14":3,"15":3,"16":4,"17":4,"18":4,"19":8,"20":2,"21":2,"22":2,"23":2,"24":3,"25":3},"f":{"0":2,"1":3,"2":0,"3":3,"4":4,"5":4,"6":4,"7":8},"b":{"0":[18,2],"1":[2,6],"2":[2,0],"3":[0,3],"4":[0,3]},"_coverageSchema":"332fd63041d2c1bcb487cc26dd0d5f7d97098a6c","hash":"6a17806b6104b4b1ba471369ee3d5ac7860800fc"}
,"/Users/Josh/projects/react_projects/technical_interviews/DevelopmentInterviewStarterKit/client/src/components/Logo.js": {"path":"/Users/Josh/projects/react_projects/technical_interviews/DevelopmentInterviewStarterKit/client/src/components/Logo.js","statementMap":{"0":{"start":{"line":3,"column":13},"end":{"line":8,"column":1}},"1":{"start":{"line":4,"column":2},"end":{"line":7,"column":8}}},"fnMap":{"0":{"name":"(anonymous_0)","decl":{"start":{"line":3,"column":13},"end":{"line":3,"column":14}},"loc":{"start":{"line":4,"column":2},"end":{"line":7,"column":8}},"line":4}},"branchMap":{},"s":{"0":1,"1":1},"f":{"0":1},"b":{},"_coverageSchema":"332fd63041d2c1bcb487cc26dd0d5f7d97098a6c","hash":"553addc4a25144ef1983645b1b14f4373b6756a4"}
,"/Users/Josh/projects/react_projects/technical_interviews/DevelopmentInterviewStarterKit/client/src/components/People.js": {"path":"/Users/Josh/projects/react_projects/technical_interviews/DevelopmentInterviewStarterKit/client/src/components/People.js","statementMap":{"0":{"start":{"line":10,"column":16},"end":{"line":23,"column":1}},"1":{"start":{"line":27,"column":4},"end":{"line":27,"column":17}},"2":{"start":{"line":29,"column":4},"end":{"line":31,"column":6}},"3":{"start":{"line":35,"column":4},"end":{"line":41,"column":7}},"4":{"start":{"line":36,"column":19},"end":{"line":36,"column":33}},"5":{"start":{"line":38,"column":6},"end":{"line":40,"column":9}},"6":{"start":{"line":45,"column":4},"end":{"line":67,"column":6}}},"fnMap":{"0":{"name":"(anonymous_0)","decl":{"start":{"line":26,"column":2},"end":{"line":26,"column":3}},"loc":{"start":{"line":26,"column":21},"end":{"line":32,"column":3}},"line":26},"1":{"name":"(anonymous_1)","decl":{"start":{"line":34,"column":2},"end":{"line":34,"column":3}},"loc":{"start":{"line":34,"column":22},"end":{"line":42,"column":3}},"line":34},"2":{"name":"(anonymous_2)","decl":{"start":{"line":35,"column":34},"end":{"line":35,"column":35}},"loc":{"start":{"line":35,"column":42},"end":{"line":41,"column":5}},"line":35},"3":{"name":"(anonymous_3)","decl":{"start":{"line":44,"column":2},"end":{"line":44,"column":3}},"loc":{"start":{"line":44,"column":11},"end":{"line":68,"column":3}},"line":44}},"branchMap":{},"s":{"0":1,"1":1,"2":1,"3":1,"4":0,"5":0,"6":1},"f":{"0":1,"1":1,"2":0,"3":1},"b":{},"_coverageSchema":"332fd63041d2c1bcb487cc26dd0d5f7d97098a6c","hash":"0a246af80dce2a77cbfebf44611bb125fef2a55b"}
}
