TN:
SF:/Users/Josh/projects/react_projects/technical_interviews/DevelopmentInterviewStarterKit/client/src/components/Button.js
FN:22,(anonymous_0)
FNF:1
FNH:1
FNDA:3,(anonymous_0)
DA:4,2
DA:22,2
DA:23,3
LF:3
LH:3
BRF:0
BRH:0
end_of_record
TN:
SF:/Users/Josh/projects/react_projects/technical_interviews/DevelopmentInterviewStarterKit/client/src/components/CharacterFrequencyTable.js
FN:18,(anonymous_0)
FN:28,(anonymous_1)
FN:34,(anonymous_2)
FN:39,(anonymous_3)
FN:42,(anonymous_4)
FN:47,(anonymous_5)
FNF:6
FNH:2
FNDA:1,(anonymous_0)
FNDA:0,(anonymous_1)
FNDA:1,(anonymous_2)
FNDA:0,(anonymous_3)
FNDA:0,(anonymous_4)
FNDA:0,(anonymous_5)
DA:6,1
DA:19,1
DA:21,1
DA:25,1
DA:29,0
DA:35,1
DA:36,1
DA:38,1
DA:39,0
DA:43,0
DA:44,0
DA:47,1
DA:48,0
DA:54,1
DA:56,1
LF:15
LH:10
BRDA:43,0,0,0
BRDA:43,0,1,0
BRDA:60,1,0,0
BRDA:60,1,1,1
BRDA:64,2,0,0
BRDA:64,2,1,1
BRF:6
BRH:2
end_of_record
TN:
SF:/Users/Josh/projects/react_projects/technical_interviews/DevelopmentInterviewStarterKit/client/src/components/DuplicateTable.js
FN:20,isPotentialDuplicate
FN:33,(anonymous_1)
FN:43,(anonymous_2)
FN:49,(anonymous_3)
FN:53,(anonymous_4)
FN:54,(anonymous_5)
FN:58,(anonymous_6)
FN:62,(anonymous_7)
FNF:8
FNH:7
FNDA:2,isPotentialDuplicate
FNDA:3,(anonymous_1)
FNDA:0,(anonymous_2)
FNDA:3,(anonymous_3)
FNDA:4,(anonymous_4)
FNDA:4,(anonymous_5)
FNDA:4,(anonymous_6)
FNDA:8,(anonymous_7)
DA:5,2
DA:21,2
DA:23,2
DA:24,20
DA:25,18
DA:29,2
DA:34,3
DA:36,3
DA:40,3
DA:44,0
DA:50,3
DA:52,3
DA:53,4
DA:54,4
DA:56,3
DA:58,3
DA:59,4
DA:60,4
DA:62,4
DA:63,8
DA:64,2
DA:65,2
DA:66,2
DA:67,2
DA:73,3
DA:75,3
LF:26
LH:25
BRDA:24,0,0,18
BRDA:24,0,1,2
BRDA:63,1,0,2
BRDA:63,1,1,6
BRDA:64,2,0,2
BRDA:64,2,1,0
BRDA:79,3,0,0
BRDA:79,3,1,3
BRDA:83,4,0,0
BRDA:83,4,1,3
BRF:10
BRH:7
end_of_record
TN:
SF:/Users/Josh/projects/react_projects/technical_interviews/DevelopmentInterviewStarterKit/client/src/components/Logo.js
FN:3,(anonymous_0)
FNF:1
FNH:1
FNDA:1,(anonymous_0)
DA:3,1
DA:4,1
LF:2
LH:2
BRF:0
BRH:0
end_of_record
TN:
SF:/Users/Josh/projects/react_projects/technical_interviews/DevelopmentInterviewStarterKit/client/src/components/People.js
FN:26,(anonymous_0)
FN:34,(anonymous_1)
FN:35,(anonymous_2)
FN:44,(anonymous_3)
FNF:4
FNH:3
FNDA:1,(anonymous_0)
FNDA:1,(anonymous_1)
FNDA:0,(anonymous_2)
FNDA:1,(anonymous_3)
DA:10,1
DA:27,1
DA:29,1
DA:35,1
DA:36,0
DA:38,0
DA:45,1
LF:7
LH:5
BRF:0
BRH:0
end_of_record
